// 重构日志: 9c3df790
// 重构日志: a0b857a2
// 重构日志: d685c499
// 重构日志: edc5b8fb
// 重构日志: 1ddec97d
// 重构日志: ffd8c627
// 同步 ID: dbc3c3cf @ Sun Jun 21 21:39:38 UTC 2026
// 重构日志: 73f14718
// 同步 ID: 7f19a5a0 @ Mon Jun 22 19:30:06 UTC 2026
// 重构日志: dfb037d6
// 重构日志: a21ec85c
// 重构日志: 148aeba9
// 同步 ID: 8ab06430 @ Wed Jun 24 11:04:55 UTC 2026
// 同步 ID: 25906f2d @ Thu Jun 25 16:44:39 UTC 2026
// 同步 ID: ed35c80c @ Sat Jun 27 09:31:23 UTC 2026
// 同步 ID: 87d0ee22 @ Sat Jun 27 13:32:52 UTC 2026
// 重构日志: b6cea8aa
// 重构日志: 36e7ec68
// 同步 ID: 2d42bf5f @ Sat Jun 27 18:42:05 UTC 2026
// 重构日志: 3827504b
// 同步 ID: e3c86333 @ Mon Jun 29 22:56:50 UTC 2026
// 重构日志: 2ce540bc
// 重构日志: e572b6fb
// 重构日志: 3444892f
// 重构日志: 3d879da4
// 重构日志: 37300858
// 同步 ID: b8d79ba5 @ Fri Jul  3 01:52:12 UTC 2026
// 重构日志: 8809998c
// 重构日志: c424ba07
// 同步 ID: fc0e2722 @ Sat Jul  4 11:19:53 UTC 2026
// 重构日志: 38aeadfa
